2019-06-21 18:49:46.624 [main] INFO  c.johnlpage.mongosyphon.MongoSyphon:25 - MongoSyphon Version 0.1.1
2019-06-21 18:49:46.628 [main] INFO  c.j.mongosyphon.CommandLineOptions:23 - Parsing Command Line
2019-06-21 18:49:46.692 [main] INFO  c.j.mongosyphon.DocumentGenerator:125 - connecting to mongodb+srv://admin:admin1234@democluster-9xl5i.mongodb.net/test?retryWrites=true&w=majority
2019-06-21 18:49:46.692 [main] ERROR c.j.mongosyphon.DocumentGenerator:138 - Don't know how to handle connection uri mongodb+srv://admin:admin1234@democluster-9xl5i.mongodb.net/test?retryWrites=true&w=majority
2019-06-21 18:50:48.629 [main] INFO  c.johnlpage.mongosyphon.MongoSyphon:25 - MongoSyphon Version 0.1.1
2019-06-21 18:50:48.632 [main] INFO  c.j.mongosyphon.CommandLineOptions:23 - Parsing Command Line
2019-06-21 18:50:48.690 [main] INFO  c.j.mongosyphon.DocumentGenerator:125 - connecting to mongodb://admin:admin1234@democluster-shard-00-00-9xl5i.mongodb.net:27017,democluster-shard-00-01-9xl5i.mongodb.net:27017,democluster-shard-00-02-9xl5i.mongodb.net:27017/test?ssl=trueMONGO_URIreplicaSet=DemoCluster-shard-0&authSource=admin&retryWrites=true&w=majority
2019-06-21 18:50:48.691 [main] INFO  c.j.mongosyphon.MongoConnection:78 - Connecting to mongodb://admin:admin1234@democluster-shard-00-00-9xl5i.mongodb.net:27017,democluster-shard-00-01-9xl5i.mongodb.net:27017,democluster-shard-00-02-9xl5i.mongodb.net:27017/test?ssl=trueMONGO_URIreplicaSet=DemoCluster-shard-0&authSource=admin&retryWrites=true&w=majority
2019-06-21 18:50:48.709 [main] WARN  org.mongodb.driver.uri:86 - Deprecated boolean value ('trueMONGO_URIreplicaSet=DemoCluster-shard-0') in the connection string for 'ssl', please update to ssl=false
2019-06-21 18:51:18.961 [main] ERROR c.j.mongosyphon.MongoConnection:94 - Unable to connect to MongoDB
2019-06-21 18:51:18.961 [main] ERROR c.j.mongosyphon.MongoConnection:95 - Timed out after 30000 ms while waiting to connect. Client view of cluster state is {type=UNKNOWN, servers=[{address=democluster-shard-00-00-9xl5i.mongodb.net:27017, type=UNKNOWN, state=CONNECTING, exception={com.mongodb.MongoSocketReadException: Prematurely reached end of stream}}, {address=democluster-shard-00-01-9xl5i.mongodb.net:27017, type=UNKNOWN, state=CONNECTING, exception={com.mongodb.MongoSocketReadException: Prematurely reached end of stream}}, {address=democluster-shard-00-02-9xl5i.mongodb.net:27017, type=UNKNOWN, state=CONNECTING, exception={com.mongodb.MongoSocketReadException: Prematurely reached end of stream}}]
2019-06-21 18:51:35.514 [main] INFO  c.johnlpage.mongosyphon.MongoSyphon:25 - MongoSyphon Version 0.1.1
2019-06-21 18:51:35.518 [main] INFO  c.j.mongosyphon.CommandLineOptions:23 - Parsing Command Line
2019-06-21 18:51:35.575 [main] INFO  c.j.mongosyphon.DocumentGenerator:125 - connecting to mongodb://admin:admin1234@democluster-shard-00-00-9xl5i.mongodb.net:27017,democluster-shard-00-01-9xl5i.mongodb.net:27017,democluster-shard-00-02-9xl5i.mongodb.net:27017/test?ssl=true&replicaSet=DemoCluster-shard-0&authSource=admin&retryWrites=true&w=majority
2019-06-21 18:51:35.576 [main] INFO  c.j.mongosyphon.MongoConnection:78 - Connecting to mongodb://admin:admin1234@democluster-shard-00-00-9xl5i.mongodb.net:27017,democluster-shard-00-01-9xl5i.mongodb.net:27017,democluster-shard-00-02-9xl5i.mongodb.net:27017/test?ssl=true&replicaSet=DemoCluster-shard-0&authSource=admin&retryWrites=true&w=majority
2019-06-21 18:51:37.117 [main] INFO  c.j.mongosyphon.MongoConnection:243 - executing Document{{last_change_car_customer=Document{{$exists=1}}}}
2019-06-21 18:51:37.175 [main] INFO  c.j.mongosyphon.DocumentGenerator:125 - connecting to jdbc:oracle:thin:@//35.242.155.18:1521/XE
2019-06-21 18:51:37.956 [main] INFO  c.j.mongosyphon.MongoBulkWriter:39 - Connecting to mongodb://admin:admin1234@democluster-shard-00-00-9xl5i.mongodb.net:27017,democluster-shard-00-01-9xl5i.mongodb.net:27017,democluster-shard-00-02-9xl5i.mongodb.net:27017/test?ssl=true&replicaSet=DemoCluster-shard-0&authSource=admin&retryWrites=true&w=majority
2019-06-21 18:51:38.033 [main] INFO  c.j.mongosyphon.RDBMSConnection:146 - executing oracle.jdbc.driver.OraclePreparedStatementWrapper@4da4253
2019-06-21 19:09:04.264 [main] INFO  c.johnlpage.mongosyphon.MongoSyphon:25 - MongoSyphon Version 0.1.1
2019-06-21 19:09:04.269 [main] INFO  c.j.mongosyphon.CommandLineOptions:23 - Parsing Command Line
2019-06-21 19:09:04.351 [main] INFO  c.j.mongosyphon.DocumentGenerator:125 - connecting to mongodb://admin:admin1234@democluster-shard-00-00-9xl5i.mongodb.net:27017,democluster-shard-00-01-9xl5i.mongodb.net:27017,democluster-shard-00-02-9xl5i.mongodb.net:27017/test?ssl=true&replicaSet=DemoCluster-shard-0&authSource=admin&retryWrites=true&w=majority
2019-06-21 19:09:04.353 [main] INFO  c.j.mongosyphon.MongoConnection:78 - Connecting to mongodb://admin:admin1234@democluster-shard-00-00-9xl5i.mongodb.net:27017,democluster-shard-00-01-9xl5i.mongodb.net:27017,democluster-shard-00-02-9xl5i.mongodb.net:27017/test?ssl=true&replicaSet=DemoCluster-shard-0&authSource=admin&retryWrites=true&w=majority
2019-06-21 19:09:05.743 [main] INFO  c.j.mongosyphon.MongoConnection:243 - executing Document{{last_change_car_customer=Document{{$exists=1}}}}
2019-06-21 19:09:05.833 [main] INFO  c.j.mongosyphon.DocumentGenerator:125 - connecting to jdbc:oracle:thin:@//35.242.155.18:1521/XE
2019-06-21 19:09:06.655 [main] INFO  c.j.mongosyphon.MongoBulkWriter:39 - Connecting to mongodb://admin:admin1234@democluster-shard-00-00-9xl5i.mongodb.net:27017,democluster-shard-00-01-9xl5i.mongodb.net:27017,democluster-shard-00-02-9xl5i.mongodb.net:27017/test?ssl=true&replicaSet=DemoCluster-shard-0&authSource=admin&retryWrites=true&w=majority
2019-06-21 19:09:06.758 [main] INFO  c.j.mongosyphon.RDBMSConnection:146 - executing oracle.jdbc.driver.OraclePreparedStatementWrapper@4da4253
2019-06-21 19:09:17.233 [main] INFO  c.johnlpage.mongosyphon.MongoSyphon:25 - MongoSyphon Version 0.1.1
2019-06-21 19:09:17.237 [main] INFO  c.j.mongosyphon.CommandLineOptions:23 - Parsing Command Line
2019-06-21 19:09:17.293 [main] INFO  c.j.mongosyphon.DocumentGenerator:125 - connecting to mongodb://admin:admin1234@democluster-shard-00-00-9xl5i.mongodb.net:27017,democluster-shard-00-01-9xl5i.mongodb.net:27017,democluster-shard-00-02-9xl5i.mongodb.net:27017/test?ssl=true&replicaSet=DemoCluster-shard-0&authSource=admin&retryWrites=true&w=majority
2019-06-21 19:09:17.294 [main] INFO  c.j.mongosyphon.MongoConnection:78 - Connecting to mongodb://admin:admin1234@democluster-shard-00-00-9xl5i.mongodb.net:27017,democluster-shard-00-01-9xl5i.mongodb.net:27017,democluster-shard-00-02-9xl5i.mongodb.net:27017/test?ssl=true&replicaSet=DemoCluster-shard-0&authSource=admin&retryWrites=true&w=majority
2019-06-21 19:09:18.623 [main] INFO  c.j.mongosyphon.MongoConnection:243 - executing Document{{last_change_car_customer=Document{{$exists=1}}}}
2019-06-21 19:09:18.698 [main] INFO  c.j.mongosyphon.DocumentGenerator:125 - connecting to jdbc:oracle:thin:@//35.242.155.18:1521/XE
2019-06-21 19:09:19.452 [main] INFO  c.j.mongosyphon.MongoBulkWriter:39 - Connecting to mongodb://admin:admin1234@democluster-shard-00-00-9xl5i.mongodb.net:27017,democluster-shard-00-01-9xl5i.mongodb.net:27017,democluster-shard-00-02-9xl5i.mongodb.net:27017/test?ssl=true&replicaSet=DemoCluster-shard-0&authSource=admin&retryWrites=true&w=majority
2019-06-21 19:09:19.527 [main] INFO  c.j.mongosyphon.RDBMSConnection:146 - executing oracle.jdbc.driver.OraclePreparedStatementWrapper@4da4253
2019-06-21 19:09:30.014 [main] INFO  c.johnlpage.mongosyphon.MongoSyphon:25 - MongoSyphon Version 0.1.1
2019-06-21 19:09:30.018 [main] INFO  c.j.mongosyphon.CommandLineOptions:23 - Parsing Command Line
2019-06-21 19:09:30.074 [main] INFO  c.j.mongosyphon.DocumentGenerator:125 - connecting to mongodb://admin:admin1234@democluster-shard-00-00-9xl5i.mongodb.net:27017,democluster-shard-00-01-9xl5i.mongodb.net:27017,democluster-shard-00-02-9xl5i.mongodb.net:27017/test?ssl=true&replicaSet=DemoCluster-shard-0&authSource=admin&retryWrites=true&w=majority
2019-06-21 19:09:30.076 [main] INFO  c.j.mongosyphon.MongoConnection:78 - Connecting to mongodb://admin:admin1234@democluster-shard-00-00-9xl5i.mongodb.net:27017,democluster-shard-00-01-9xl5i.mongodb.net:27017,democluster-shard-00-02-9xl5i.mongodb.net:27017/test?ssl=true&replicaSet=DemoCluster-shard-0&authSource=admin&retryWrites=true&w=majority
2019-06-21 19:09:31.370 [main] INFO  c.j.mongosyphon.MongoConnection:243 - executing Document{{last_change_car_customer=Document{{$exists=1}}}}
2019-06-21 19:09:31.450 [main] INFO  c.j.mongosyphon.DocumentGenerator:125 - connecting to jdbc:oracle:thin:@//35.242.155.18:1521/XE
2019-06-21 19:09:32.224 [main] INFO  c.j.mongosyphon.MongoBulkWriter:39 - Connecting to mongodb://admin:admin1234@democluster-shard-00-00-9xl5i.mongodb.net:27017,democluster-shard-00-01-9xl5i.mongodb.net:27017,democluster-shard-00-02-9xl5i.mongodb.net:27017/test?ssl=true&replicaSet=DemoCluster-shard-0&authSource=admin&retryWrites=true&w=majority
2019-06-21 19:09:32.304 [main] INFO  c.j.mongosyphon.RDBMSConnection:146 - executing oracle.jdbc.driver.OraclePreparedStatementWrapper@4da4253
